<?xml version="1.0" encoding="UTF-8"?>
<testsuite xmlns:xsi="http://www.w3.org/2001/XMLSchema-instance" xsi:noNamespaceSchemaLocation="https://maven.apache.org/surefire/maven-surefire-plugin/xsd/surefire-test-report.xsd" name="StepDefinitions.TestRunner" time="185.399" tests="14" errors="2" skipped="0" failures="0">
  <properties>
[...]
</properties>
  <testcase name="CP_003 Prueba  funcionalidad de búsqueda" classname="Ejecucion casos de prueba" time="20.626"/>
  <testcase name="CP_003 Prueba  funcionalidad de búsqueda" classname="Ejecucion casos de prueba" time="12.539"/>
  <testcase name="CP_003 Prueba  funcionalidad de búsqueda" classname="Ejecucion casos de prueba" time="10.478"/>
  <testcase name="CP_005 - CP_006 - CP_007 Prueba contact us" classname="Ejecucion casos de prueba" time="9.171"/>
  <testcase name="CP_005 - CP_006 - CP_007 Prueba contact us" classname="Ejecucion casos de prueba" time="11.859"/>
  <testcase name="CP_005 - CP_006 - CP_007 Prueba contact us" classname="Ejecucion casos de prueba" time="15.09"/>
  <testcase name="CP_008 - CP_009 - CP_010 Prueba sign in" classname="Ejecucion casos de prueba" time="15.77">
    <error message="no such element: Unable to locate element: {&quot;method&quot;:&quot;css selector&quot;,&quot;selector&quot;:&quot;#id_gender2&quot;}&#10;  (Session info: chrome=95.0.4638.54)&#10;For documentation on this error, please visit: http://seleniumhq.org/exceptions/no_such_element.html&#10;Build info: version: &apos;3.11.0&apos;, revision: &apos;e59cfb3&apos;, time: &apos;2018-03-11T20:26:55.152Z&apos;&#10;System info: host: &apos;LAPTOP-T5M4603C&apos;, ip: &apos;192.168.195.1&apos;, os.name: &apos;Windows 10&apos;, os.arch: &apos;x86&apos;, os.version: &apos;10.0&apos;, java.version: &apos;1.8.0_171&apos;&#10;Driver info: org.openqa.selenium.chrome.ChromeDriver&#10;Capabilities {acceptInsecureCerts: false, browserName: chrome, browserVersion: 95.0.4638.54, chrome: {chromedriverVersion: 94.0.4606.61 (418b78f5838ed..., userDataDir: C:\Users\LUISAA~1\AppData\L...}, goog:chromeOptions: {debuggerAddress: localhost:59420}, javascriptEnabled: true, networkConnectionEnabled: false, pageLoadStrategy: normal, platform: WINDOWS, platformName: WINDOWS, proxy: Proxy(), setWindowRect: true, strictFileInteractability: false, timeouts: {implicit: 0, pageLoad: 300000, script: 30000}, unhandledPromptBehavior: dismiss and notify, webauthn:extension:credBlob: true, webauthn:extension:largeBlob: true, webauthn:virtualAuthenticators: true}&#10;Session ID: 0da2f3e4b32547131a3b9fab7ea08dbf&#10;*** Element info: {Using=id, value=id_gender2}" type="org.openqa.selenium.NoSuchElementException">org.openqa.selenium.NoSuchElementException: 
no such element: Unable to locate element: {"method":"css selector","selector":"#id_gender2"}
  (Session info: chrome=95.0.4638.54)
For documentation on this error, please visit: http://seleniumhq.org/exceptions/no_such_element.html
Build info: version: '3.11.0', revision: 'e59cfb3', time: '2018-03-11T20:26:55.152Z'
System info: host: 'LAPTOP-T5M4603C', ip: '192.168.195.1', os.name: 'Windows 10', os.arch: 'x86', os.version: '10.0', java.version: '1.8.0_171'
Driver info: org.openqa.selenium.chrome.ChromeDriver
Capabilities {acceptInsecureCerts: false, browserName: chrome, browserVersion: 95.0.4638.54, chrome: {chromedriverVersion: 94.0.4606.61 (418b78f5838ed..., userDataDir: C:\Users\LUISAA~1\AppData\L...}, goog:chromeOptions: {debuggerAddress: localhost:59420}, javascriptEnabled: true, networkConnectionEnabled: false, pageLoadStrategy: normal, platform: WINDOWS, platformName: WINDOWS, proxy: Proxy(), setWindowRect: true, strictFileInteractability: false, timeouts: {implicit: 0, pageLoad: 300000, script: 30000}, unhandledPromptBehavior: dismiss and notify, webauthn:extension:credBlob: true, webauthn:extension:largeBlob: true, webauthn:virtualAuthenticators: true}
Session ID: 0da2f3e4b32547131a3b9fab7ea08dbf
*** Element info: {Using=id, value=id_gender2}
</error>
    <system-err><![CDATA[Starting ChromeDriver 94.0.4606.61 (418b78f5838ed0b1c69bb4e51ea0252171854915-refs/branch-heads/4606@{#1204}) on port 39158
Only local connections are allowed.
Please see https://chromedriver.chromium.org/security-considerations for suggestions on keeping ChromeDriver safe.
ChromeDriver was started successfully.
[1635457085.852][WARNING]: This version of ChromeDriver has not been tested with Chrome version 95.
oct 28, 2021 4:38:05 PM org.openqa.selenium.remote.ProtocolHandshake createSession
INFORMACIÓN: Detected dialect: W3C
]]></system-err>
  </testcase>
  <testcase name="CP_008 - CP_009 - CP_010 Prueba sign in" classname="Ejecucion casos de prueba" time="11.843"/>
  <testcase name="CP_008 - CP_009 - CP_010 Prueba sign in" classname="Ejecucion casos de prueba" time="12.563"/>
  <testcase name="CP_011 - CP_012 - CP_013 Prueba inicio sesion" classname="Ejecucion casos de prueba" time="12.127"/>
  <testcase name="CP_011 - CP_012 - CP_013 Prueba inicio sesion" classname="Ejecucion casos de prueba" time="11.568"/>
  <testcase name="CP_011 - CP_012 - CP_013 Prueba inicio sesion" classname="Ejecucion casos de prueba" time="10.943"/>
  <testcase name="CP_011 - CP_012 - CP_013 Prueba inicio sesion" classname="Ejecucion casos de prueba" time="9.353"/>
  <testcase name="CP_015 Prueba enlaces mi cuenta" classname="Ejecucion casos de prueba 2" time="18.592">
    <error message="invalid session id&#10;Build info: version: &apos;3.11.0&apos;, revision: &apos;e59cfb3&apos;, time: &apos;2018-03-11T20:26:55.152Z&apos;&#10;System info: host: &apos;LAPTOP-T5M4603C&apos;, ip: &apos;192.168.195.1&apos;, os.name: &apos;Windows 10&apos;, os.arch: &apos;x86&apos;, os.version: &apos;10.0&apos;, java.version: &apos;1.8.0_171&apos;&#10;Driver info: org.openqa.selenium.chrome.ChromeDriver&#10;Capabilities {acceptInsecureCerts: false, browserName: chrome, browserVersion: 95.0.4638.54, chrome: {chromedriverVersion: 94.0.4606.61 (418b78f5838ed..., userDataDir: C:\Users\LUISAA~1\AppData\L...}, goog:chromeOptions: {debuggerAddress: localhost:60142}, javascriptEnabled: true, networkConnectionEnabled: false, pageLoadStrategy: normal, platform: WINDOWS, platformName: WINDOWS, proxy: Proxy(), setWindowRect: true, strictFileInteractability: false, timeouts: {implicit: 0, pageLoad: 300000, script: 30000}, unhandledPromptBehavior: dismiss and notify, webauthn:extension:credBlob: true, webauthn:extension:largeBlob: true, webauthn:virtualAuthenticators: true}&#10;Session ID: bab097161132b9b8d29f9a3b78b76823&#10;*** Element info: {Using=xpath, value=//body/div[@id=&apos;page&apos;]/div[2]/div[1]/div[1]/a[2]}" type="org.openqa.selenium.NoSuchSessionException">org.openqa.selenium.NoSuchSessionException: 
invalid session id
Build info: version: '3.11.0', revision: 'e59cfb3', time: '2018-03-11T20:26:55.152Z'
System info: host: 'LAPTOP-T5M4603C', ip: '192.168.195.1', os.name: 'Windows 10', os.arch: 'x86', os.version: '10.0', java.version: '1.8.0_171'
Driver info: org.openqa.selenium.chrome.ChromeDriver
Capabilities {acceptInsecureCerts: false, browserName: chrome, browserVersion: 95.0.4638.54, chrome: {chromedriverVersion: 94.0.4606.61 (418b78f5838ed..., userDataDir: C:\Users\LUISAA~1\AppData\L...}, goog:chromeOptions: {debuggerAddress: localhost:60142}, javascriptEnabled: true, networkConnectionEnabled: false, pageLoadStrategy: normal, platform: WINDOWS, platformName: WINDOWS, proxy: Proxy(), setWindowRect: true, strictFileInteractability: false, timeouts: {implicit: 0, pageLoad: 300000, script: 30000}, unhandledPromptBehavior: dismiss and notify, webauthn:extension:credBlob: true, webauthn:extension:largeBlob: true, webauthn:virtualAuthenticators: true}
Session ID: bab097161132b9b8d29f9a3b78b76823
*** Element info: {Using=xpath, value=//body/div[@id='page']/div[2]/div[1]/div[1]/a[2]}
</error>
    <system-err><![CDATA[Starting ChromeDriver 94.0.4606.61 (418b78f5838ed0b1c69bb4e51ea0252171854915-refs/branch-heads/4606@{#1204}) on port 8529
Only local connections are allowed.
Please see https://chromedriver.chromium.org/security-considerations for suggestions on keeping ChromeDriver safe.
ChromeDriver was started successfully.
[1635457169.113][WARNING]: This version of ChromeDriver has not been tested with Chrome version 95.
oct 28, 2021 4:39:29 PM org.openqa.selenium.remote.ProtocolHandshake createSession
INFORMACIÓN: Detected dialect: W3C
]]></system-err>
  </testcase>
</testsuite>